<?xml version="1.0" encoding="UTF-8"?>
<testsuites>
	<testsuite tests="18" failures="1" time="0.018" name="elb2c/rest-api-sample/handler">
		<properties>
			<property name="go.version" value="go1.12.7"></property>
		</properties>
		<testcase classname="handler" name="TestList" time="0.000">
			<failure message="Failed" type="">user_handler_test.go:53: &#xA;Error Trace:&#x9;user_handler_test.go:53&#xA;Error:      &#x9;Not equal: &#xA;            &#x9;expected: []interface {}{map[string]interface {}{&#34;email&#34;:&#34;test1@qp1.org&#34;, &#34;id&#34;:11, &#34;name&#34;:&#34;Test1&#34;}, map[string]interface {}{&#34;email&#34;:&#34;test2@qp1.org&#34;, &#34;id&#34;:2, &#34;name&#34;:&#34;Test2&#34;}, map[string]interface {}{&#34;email&#34;:&#34;test3@qp1.org&#34;, &#34;id&#34;:3, &#34;name&#34;:&#34;Test3&#34;}}&#xA;            &#x9;actual  : []interface {}{map[string]interface {}{&#34;email&#34;:&#34;test1@qp1.org&#34;, &#34;id&#34;:1, &#34;name&#34;:&#34;Test1&#34;}, map[string]interface {}{&#34;email&#34;:&#34;test2@qp1.org&#34;, &#34;id&#34;:2, &#34;name&#34;:&#34;Test2&#34;}, map[string]interface {}{&#34;email&#34;:&#34;test3@qp1.org&#34;, &#34;id&#34;:3, &#34;name&#34;:&#34;Test3&#34;}}&#xA;            &#x9;&#xA;            &#x9;Diff:&#xA;            &#x9;--- Expected&#xA;            &#x9;+++ Actual&#xA;            &#x9;@@ -3,3 +3,3 @@&#xA;            &#x9;   (string) (len=5) &#34;email&#34;: (string) (len=13) &#34;test1@qp1.org&#34;,&#xA;            &#x9;-  (string) (len=2) &#34;id&#34;: (float64) 11,&#xA;            &#x9;+  (string) (len=2) &#34;id&#34;: (float64) 1,&#xA;            &#x9;   (string) (len=4) &#34;name&#34;: (string) (len=5) &#34;Test1&#34;&#xA;Test:       &#x9;TestList</failure>
		</testcase>
		<testcase classname="handler" name="TestGet_Return200" time="0.000"></testcase>
		<testcase classname="handler" name="TestGet_Return400" time="0.000"></testcase>
		<testcase classname="handler" name="TestGet_Return404" time="0.000"></testcase>
		<testcase classname="handler" name="TestPost" time="0.000"></testcase>
		<testcase classname="handler" name="TestPost_Return500" time="0.000"></testcase>
		<testcase classname="handler" name="TestPutCreate" time="0.000"></testcase>
		<testcase classname="handler" name="TestPutUpdate" time="0.000"></testcase>
		<testcase classname="handler" name="TestPut_Return500" time="0.000"></testcase>
		<testcase classname="handler" name="TestPut_Return400_EmptyFields" time="0.000"></testcase>
		<testcase classname="handler" name="TestPut_Return400_InvalidID" time="0.000"></testcase>
		<testcase classname="handler" name="TestPatch" time="0.000"></testcase>
		<testcase classname="handler" name="TestPatch_Return400" time="0.000"></testcase>
		<testcase classname="handler" name="TestPatch_Return404" time="0.000"></testcase>
		<testcase classname="handler" name="TestPatch_Return500" time="0.000"></testcase>
		<testcase classname="handler" name="TestDelete" time="0.000"></testcase>
		<testcase classname="handler" name="TestDelete_Return400" time="0.000"></testcase>
		<testcase classname="handler" name="TestDelete_Return404" time="0.000"></testcase>
	</testsuite>
	<testsuite tests="6" failures="1" time="0.035" name="elb2c/rest-api-sample/repository">
		<properties>
			<property name="go.version" value="go1.12.7"></property>
		</properties>
		<testcase classname="repository" name="TestFindAll" time="0.000"></testcase>
		<testcase classname="repository" name="TestFindByID" time="0.000"></testcase>
		<testcase classname="repository" name="TestFindByID_NotFound" time="0.000"></testcase>
		<testcase classname="repository" name="TestSave_Create" time="0.000">
			<failure message="Failed" type="">user_repo_test.go:81: &#xA;Error Trace:&#x9;user_repo_test.go:81&#xA;Error:      &#x9;Not equal: &#xA;            &#x9;expected: 3&#xA;            &#x9;actual  : 4&#xA;Test:       &#x9;TestSave_Create</failure>
		</testcase>
		<testcase classname="repository" name="TestSave_Update" time="0.000"></testcase>
		<testcase classname="repository" name="TestRemove" time="0.000"></testcase>
	</testsuite>
</testsuites>
